mode: set
github.com/bachelor-thesis-hown3d/chat-operator/pkg/util/pointers.go:3.44,5.2 1 0
github.com/bachelor-thesis-hown3d/chat-operator/pkg/util/pointers.go:6.35,8.2 1 0
github.com/bachelor-thesis-hown3d/chat-operator/pkg/util/pointers.go:9.41,11.2 1 0
github.com/bachelor-thesis-hown3d/chat-operator/pkg/util/pointers.go:12.41,14.2 1 0
github.com/bachelor-thesis-hown3d/chat-operator/pkg/util/pointers.go:15.38,17.2 1 0
github.com/bachelor-thesis-hown3d/chat-operator/pkg/util/random.go:14.38,16.19 2 0
github.com/bachelor-thesis-hown3d/chat-operator/pkg/util/random.go:19.2,19.18 1 0
github.com/bachelor-thesis-hown3d/chat-operator/pkg/util/random.go:16.19,18.3 1 0
github.com/bachelor-thesis-hown3d/chat-operator/pkg/util/version.go:13.21,15.2 1 0
github.com/bachelor-thesis-hown3d/chat-operator/pkg/util/labels.go:7.51,9.2 1 1
github.com/bachelor-thesis-hown3d/chat-operator/pkg/util/labels.go:13.69,14.17 1 1
github.com/bachelor-thesis-hown3d/chat-operator/pkg/util/labels.go:17.2,17.28 1 1
github.com/bachelor-thesis-hown3d/chat-operator/pkg/util/labels.go:20.2,20.13 1 1
github.com/bachelor-thesis-hown3d/chat-operator/pkg/util/labels.go:14.17,16.3 1 1
github.com/bachelor-thesis-hown3d/chat-operator/pkg/util/labels.go:17.28,19.3 1 1
github.com/bachelor-thesis-hown3d/chat-operator/pkg/util/labels.go:24.66,27.40 3 1
github.com/bachelor-thesis-hown3d/chat-operator/pkg/util/labels.go:36.2,36.8 1 1
github.com/bachelor-thesis-hown3d/chat-operator/pkg/util/labels.go:27.40,30.34 2 1
github.com/bachelor-thesis-hown3d/chat-operator/pkg/util/labels.go:30.34,32.4 1 1
github.com/bachelor-thesis-hown3d/chat-operator/pkg/util/labels.go:32.9,34.4 1 1
github.com/bachelor-thesis-hown3d/chat-operator/controllers/rocket_controller.go:58.128,65.2 1 1
github.com/bachelor-thesis-hown3d/chat-operator/controllers/rocket_controller.go:82.98,85.16 3 1
github.com/bachelor-thesis-hown3d/chat-operator/controllers/rocket_controller.go:96.2,96.36 1 1
github.com/bachelor-thesis-hown3d/chat-operator/controllers/rocket_controller.go:105.2,105.38 1 1
github.com/bachelor-thesis-hown3d/chat-operator/controllers/rocket_controller.go:116.2,117.16 2 1
github.com/bachelor-thesis-hown3d/chat-operator/controllers/rocket_controller.go:120.2,121.16 2 1
github.com/bachelor-thesis-hown3d/chat-operator/controllers/rocket_controller.go:125.2,128.16 4 1
github.com/bachelor-thesis-hown3d/chat-operator/controllers/rocket_controller.go:131.2,131.53 1 1
github.com/bachelor-thesis-hown3d/chat-operator/controllers/rocket_controller.go:85.16,88.29 1 0
github.com/bachelor-thesis-hown3d/chat-operator/controllers/rocket_controller.go:93.3,93.28 1 0
github.com/bachelor-thesis-hown3d/chat-operator/controllers/rocket_controller.go:88.29,91.4 2 0
github.com/bachelor-thesis-hown3d/chat-operator/controllers/rocket_controller.go:96.36,98.17 2 1
github.com/bachelor-thesis-hown3d/chat-operator/controllers/rocket_controller.go:101.3,101.41 1 1
github.com/bachelor-thesis-hown3d/chat-operator/controllers/rocket_controller.go:98.17,100.4 1 0
github.com/bachelor-thesis-hown3d/chat-operator/controllers/rocket_controller.go:105.38,110.17 4 1
github.com/bachelor-thesis-hown3d/chat-operator/controllers/rocket_controller.go:113.3,113.41 1 1
github.com/bachelor-thesis-hown3d/chat-operator/controllers/rocket_controller.go:110.17,112.4 1 0
github.com/bachelor-thesis-hown3d/chat-operator/controllers/rocket_controller.go:117.16,119.3 1 0
github.com/bachelor-thesis-hown3d/chat-operator/controllers/rocket_controller.go:121.16,123.3 1 0
github.com/bachelor-thesis-hown3d/chat-operator/controllers/rocket_controller.go:128.16,130.3 1 0
github.com/bachelor-thesis-hown3d/chat-operator/controllers/rocket_controller.go:135.100,144.65 4 1
github.com/bachelor-thesis-hown3d/chat-operator/controllers/rocket_controller.go:149.2,149.36 1 1
github.com/bachelor-thesis-hown3d/chat-operator/controllers/rocket_controller.go:156.2,156.58 1 1
github.com/bachelor-thesis-hown3d/chat-operator/controllers/rocket_controller.go:160.2,160.12 1 1
github.com/bachelor-thesis-hown3d/chat-operator/controllers/rocket_controller.go:144.65,146.3 1 0
github.com/bachelor-thesis-hown3d/chat-operator/controllers/rocket_controller.go:149.36,150.51 1 1
github.com/bachelor-thesis-hown3d/chat-operator/controllers/rocket_controller.go:150.51,151.89 1 0
github.com/bachelor-thesis-hown3d/chat-operator/controllers/rocket_controller.go:151.89,153.5 1 0
github.com/bachelor-thesis-hown3d/chat-operator/controllers/rocket_controller.go:156.58,159.3 2 0
github.com/bachelor-thesis-hown3d/chat-operator/controllers/rocket_controller.go:165.83,167.33 2 1
github.com/bachelor-thesis-hown3d/chat-operator/controllers/rocket_controller.go:171.2,171.42 1 1
github.com/bachelor-thesis-hown3d/chat-operator/controllers/rocket_controller.go:176.2,176.48 1 1
github.com/bachelor-thesis-hown3d/chat-operator/controllers/rocket_controller.go:167.33,170.3 2 1
github.com/bachelor-thesis-hown3d/chat-operator/controllers/rocket_controller.go:171.42,174.3 2 1
github.com/bachelor-thesis-hown3d/chat-operator/controllers/rocket_controller.go:179.126,187.16 6 0
github.com/bachelor-thesis-hown3d/chat-operator/controllers/rocket_controller.go:191.2,194.8 1 0
github.com/bachelor-thesis-hown3d/chat-operator/controllers/rocket_controller.go:187.16,189.3 1 0
github.com/bachelor-thesis-hown3d/chat-operator/controllers/rocket_controller.go:197.156,200.16 2 1
github.com/bachelor-thesis-hown3d/chat-operator/controllers/rocket_controller.go:204.2,207.16 4 1
github.com/bachelor-thesis-hown3d/chat-operator/controllers/rocket_controller.go:212.2,212.20 1 1
github.com/bachelor-thesis-hown3d/chat-operator/controllers/rocket_controller.go:224.2,225.16 2 1
github.com/bachelor-thesis-hown3d/chat-operator/controllers/rocket_controller.go:233.2,233.20 1 1
github.com/bachelor-thesis-hown3d/chat-operator/controllers/rocket_controller.go:237.2,238.70 2 1
github.com/bachelor-thesis-hown3d/chat-operator/controllers/rocket_controller.go:200.16,202.3 1 0
github.com/bachelor-thesis-hown3d/chat-operator/controllers/rocket_controller.go:207.16,209.3 1 0
github.com/bachelor-thesis-hown3d/chat-operator/controllers/rocket_controller.go:212.20,214.3 1 0
github.com/bachelor-thesis-hown3d/chat-operator/controllers/rocket_controller.go:214.8,216.3 1 1
github.com/bachelor-thesis-hown3d/chat-operator/controllers/rocket_controller.go:225.16,231.3 2 1
github.com/bachelor-thesis-hown3d/chat-operator/controllers/rocket_controller.go:233.20,236.3 2 0
github.com/bachelor-thesis-hown3d/chat-operator/controllers/rocket_controller.go:242.69,246.2 1 1
